<?xml version="1.0" encoding="UTF-8"?>
<testsuites name="Test Suite Prueba Sena" time="331.161" tests="3" failures="1" errors="0">
   <testsuite name="Test Suite Prueba Sena" tests="3" failures="1" errors="0" time="331.161" skipped="0" timestamp="2023-04-14 15:10:20" hostname="agerena - PC-AGERENA.SCITECH.NET.CO" id="Test Suites/Test Suite Prueba Sena">
      <properties>
         <property name="deviceName" value=""/>
         <property name="devicePlatform" value=""/>
         <property name="logFolder" value="C:\\Users\\AGERENA\\git\\PortalSena\\Reports\\20230414_151009\\Test Suite Prueba Sena\\20230414_151010"/>
         <property name="logFiles" value="C:\\Users\\AGERENA\\git\\PortalSena\\Reports\\20230414_151009\\Test Suite Prueba Sena\\20230414_151010\\execution0.log"/>
         <property name="attachments" value="C:\\Users\\AGERENA\\git\\PortalSena\\Reports\\20230414_151009\\Test Suite Prueba Sena\\20230414_151010\\1681503056604.png, C:\\Users\\AGERENA\\git\\PortalSena\\Reports\\20230414_151009\\Test Suite Prueba Sena\\20230414_151010\\1681503073396.png, C:\\Users\\AGERENA\\git\\PortalSena\\Reports\\20230414_151009\\Test Suite Prueba Sena\\20230414_151010\\1681503093866.png, C:\\Users\\AGERENA\\git\\PortalSena\\Reports\\20230414_151009\\Test Suite Prueba Sena\\20230414_151010\\1681503116991.png, C:\\Users\\AGERENA\\git\\PortalSena\\Reports\\20230414_151009\\Test Suite Prueba Sena\\20230414_151010\\1681503159471.png, C:\\Users\\AGERENA\\git\\PortalSena\\Reports\\20230414_151009\\Test Suite Prueba Sena\\20230414_151010\\1681503189562.png, C:\\Users\\AGERENA\\git\\PortalSena\\Reports\\20230414_151009\\Test Suite Prueba Sena\\20230414_151010\\1681503193924.png, C:\\Users\\AGERENA\\git\\PortalSena\\Reports\\20230414_151009\\Test Suite Prueba Sena\\20230414_151010\\1681503207942.png, C:\\Users\\AGERENA\\git\\PortalSena\\Reports\\20230414_151009\\Test Suite Prueba Sena\\20230414_151010\\1681503233157.png, C:\\Users\\AGERENA\\git\\PortalSena\\Reports\\20230414_151009\\Test Suite Prueba Sena\\20230414_151010\\1681503322385.png, C:\\Users\\AGERENA\\git\\PortalSena\\Reports\\20230414_151009\\Test Suite Prueba Sena\\20230414_151010\\1681503349510.png"/>
         <property name="hostName" value="agerena - PC-AGERENA.SCITECH.NET.CO"/>
         <property name="os" value="Windows 10 64bit"/>
         <property name="katalonVersion" value="8.6.0.208"/>
         <property name="browser" value="Chrome 112.0.0.0"/>
         <property name="hostAddress" value="192.168.133.167"/>
         <property name="sessionId" value="70e1015790f2314785195573b4e831a9"/>
         <property name="seleniumVersion" value="3.141.59"/>
         <property name="proxyInformation" value="ProxyInformation { proxyOption=NO_PROXY, proxyServerType=HTTP, username=, password=********, proxyServerAddress=, proxyServerPort=0, executionList=&quot;&quot;, isApplyToDesiredCapabilities=true }"/>
         <property name="platform" value="Windows 10"/>
      </properties>
      <testcase name="Test Cases/Login" time="18.511" classname="Test Cases/Login" status="PASSED">
         <system-out><![CDATA[2023-04-14 15:10:20 - [TEST_CASE][PASSED] - Test Cases/Login: Test Cases/Login

2023-04-14 15:10:21 - [TEST_STEP][PASSED] - openBrowser(""): Browser is opened with url: ''

2023-04-14 15:10:21 - [MESSAGE][INFO] - Starting 'Chrome' driver

2023-04-14 15:10:21 - [MESSAGE][INFO] - Action delay is set to 1.000 milliseconds

2023-04-14 15:10:23 - [MESSAGE][PASSED] - Browser is opened with url: ''

2023-04-14 15:10:23 - [TEST_STEP][PASSED] - navigateToUrl(url): Navigate to 'http://172.29.35.250:8080/PortalSena16/servlet/com.portalsena.scigamlogin' successfully

2023-04-14 15:10:30 - [MESSAGE][PASSED] - Navigate to 'http://172.29.35.250:8080/PortalSena16/servlet/com.portalsena.scigamlogin' successfully

2023-04-14 15:10:30 - [TEST_STEP][PASSED] - selectOptionByValue(findTestObject("Object Repository/Login/Page_Inicio de Sesin/select_SENA  InternoUsuario Externo"), "local", true): All options with value 'local' are selected in object 'Object Repository/Login/Page_Inicio de Sesin/select_SENA  InternoUsuario Externo'  using regular expression

2023-04-14 15:10:32 - [MESSAGE][PASSED] - All options with value 'local' are selected in object 'Object Repository/Login/Page_Inicio de Sesin/select_SENA  InternoUsuario Externo'  using regular expression

2023-04-14 15:10:32 - [TEST_STEP][PASSED] - setText(findTestObject("Object Repository/Login/Page_Inicio de Sesin/input_Iniciar con_vUSERNAME"), u_scitech1): Text 'scitech_1' is set on object 'Object Repository/Login/Page_Inicio de Sesin/input_Iniciar con_vUSERNAME'

2023-04-14 15:10:35 - [MESSAGE][PASSED] - Text 'scitech_1' is set on object 'Object Repository/Login/Page_Inicio de Sesin/input_Iniciar con_vUSERNAME'

2023-04-14 15:10:35 - [TEST_STEP][PASSED] - setText(findTestObject("Object Repository/Login/Page_Inicio de Sesin/input_Iniciar con_USERPASSWORDContainer_Use_26b53f"), p_scitech_1): Text 'scitech_1' is set on object 'Object Repository/Login/Page_Inicio de Sesin/input_Iniciar con_USERPASSWORDContainer_Use_26b53f'

2023-04-14 15:10:37 - [MESSAGE][PASSED] - Text 'scitech_1' is set on object 'Object Repository/Login/Page_Inicio de Sesin/input_Iniciar con_USERPASSWORDContainer_Use_26b53f'

2023-04-14 15:10:37 - [TEST_STEP][PASSED] - click(findTestObject("Object Repository/Login/Page_Inicio de Sesin/input_Por favor ingrese en siguiente texto_LOGIN")): Object: 'Object Repository/Login/Page_Inicio de Sesin/input_Por favor ingrese en siguiente texto_LOGIN' is clicked on

2023-04-14 15:10:39 - [MESSAGE][PASSED] - Object: 'Object Repository/Login/Page_Inicio de Sesin/input_Por favor ingrese en siguiente texto_LOGIN' is clicked on]]></system-out>
         <system-err><![CDATA[]]></system-err>
      </testcase>
      <testcase name="Test Cases/Crear Candidato" time="168.594" classname="Test Cases/Crear Candidato" status="FAILED">
         <failure type="FAILED" message="Test Cases/Crear Candidato FAILED.
Reason:
com.kms.katalon.core.exception.StepFailedException: Unable to verify text 'fue creado' is present  using regular expression
	at com.kms.katalon.core.webui.keyword.internal.WebUIKeywordMain.stepFailed(WebUIKeywordMain.groovy:64)
	at com.kms.katalon.core.webui.keyword.internal.WebUIKeywordMain.runKeyword(WebUIKeywordMain.groovy:26)
	at com.kms.katalon.core.webui.keyword.builtin.VerifyTextPresentKeyword.verifyTextPresent(VerifyTextPresentKeyword.groovy:83)
	at com.kms.katalon.core.webui.keyword.builtin.VerifyTextPresentKeyword.execute(VerifyTextPresentKeyword.groovy:68)
	at com.kms.katalon.core.keyword.internal.KeywordExecutor.executeKeywordForPlatform(KeywordExecutor.groovy:74)
	at com.kms.katalon.core.webui.keyword.WebUiBuiltInKeywords.verifyTextPresent(WebUiBuiltInKeywords.groovy:1723)
	at com.kms.katalon.core.webui.keyword.WebUiBuiltInKeywords$verifyTextPresent$7.call(Unknown Source)
	at Crear Candidato.run(Crear Candidato:192)
	at com.kms.katalon.core.main.ScriptEngine.run(ScriptEngine.java:194)
	at com.kms.katalon.core.main.ScriptEngine.runScriptAsRawText(ScriptEngine.java:119)
	at com.kms.katalon.core.main.TestCaseExecutor.runScript(TestCaseExecutor.java:448)
	at com.kms.katalon.core.main.TestCaseExecutor.doExecute(TestCaseExecutor.java:439)
	at com.kms.katalon.core.main.TestCaseExecutor.processExecutionPhase(TestCaseExecutor.java:418)
	at com.kms.katalon.core.main.TestCaseExecutor.accessMainPhase(TestCaseExecutor.java:410)
	at com.kms.katalon.core.main.TestCaseExecutor.execute(TestCaseExecutor.java:285)
	at com.kms.katalon.core.common.CommonExecutor.accessTestCaseMainPhase(CommonExecutor.java:65)
	at com.kms.katalon.core.main.TestSuiteExecutor.accessTestSuiteMainPhase(TestSuiteExecutor.java:148)
	at com.kms.katalon.core.main.TestSuiteExecutor.execute(TestSuiteExecutor.java:106)
	at com.kms.katalon.core.main.TestCaseMain.startTestSuite(TestCaseMain.java:187)
	at com.kms.katalon.core.main.TestCaseMain$startTestSuite$0.call(Unknown Source)
	at TempTestSuite1681503010867.run(TempTestSuite1681503010867.groovy:36)
Caused by: com.kms.katalon.core.exception.StepFailedException: Text 'fue creado' is not present on page  using regular expression
	at com.kms.katalon.core.webui.keyword.internal.WebUIKeywordMain.stepFailed(WebUIKeywordMain.groovy:64)
	at com.kms.katalon.core.webui.keyword.builtin.VerifyTextPresentKeyword$_verifyTextPresent_closure1.doCall(VerifyTextPresentKeyword.groovy:79)
	at com.kms.katalon.core.webui.keyword.builtin.VerifyTextPresentKeyword$_verifyTextPresent_closure1.call(VerifyTextPresentKeyword.groovy)
	at com.kms.katalon.core.webui.keyword.internal.WebUIKeywordMain.runKeyword(WebUIKeywordMain.groovy:20)
	... 19 more
"/>
         <system-out><![CDATA[2023-04-14 15:10:39 - [TEST_CASE][FAILED] - Test Cases/Crear Candidato: Test Cases/Crear Candidato FAILED.
Reason:
com.kms.katalon.core.exception.StepFailedException: Unable to verify text 'fue creado' is present  using regular expression
	at com.kms.katalon.core.webui.keyword.internal.WebUIKeywordMain.stepFailed(WebUIKeywordMain.groovy:64)
	at com.kms.katalon.core.webui.keyword.internal.WebUIKeywordMain.runKeyword(WebUIKeywordMain.groovy:26)
	at com.kms.katalon.core.webui.keyword.builtin.VerifyTextPresentKeyword.verifyTextPresent(VerifyTextPresentKeyword.groovy:83)
	at com.kms.katalon.core.webui.keyword.builtin.VerifyTextPresentKeyword.execute(VerifyTextPresentKeyword.groovy:68)
	at com.kms.katalon.core.keyword.internal.KeywordExecutor.executeKeywordForPlatform(KeywordExecutor.groovy:74)
	at com.kms.katalon.core.webui.keyword.WebUiBuiltInKeywords.verifyTextPresent(WebUiBuiltInKeywords.groovy:1723)
	at com.kms.katalon.core.webui.keyword.WebUiBuiltInKeywords$verifyTextPresent$7.call(Unknown Source)
	at Crear Candidato.run(Crear Candidato:192)
	at com.kms.katalon.core.main.ScriptEngine.run(ScriptEngine.java:194)
	at com.kms.katalon.core.main.ScriptEngine.runScriptAsRawText(ScriptEngine.java:119)
	at com.kms.katalon.core.main.TestCaseExecutor.runScript(TestCaseExecutor.java:448)
	at com.kms.katalon.core.main.TestCaseExecutor.doExecute(TestCaseExecutor.java:439)
	at com.kms.katalon.core.main.TestCaseExecutor.processExecutionPhase(TestCaseExecutor.java:418)
	at com.kms.katalon.core.main.TestCaseExecutor.accessMainPhase(TestCaseExecutor.java:410)
	at com.kms.katalon.core.main.TestCaseExecutor.execute(TestCaseExecutor.java:285)
	at com.kms.katalon.core.common.CommonExecutor.accessTestCaseMainPhase(CommonExecutor.java:65)
	at com.kms.katalon.core.main.TestSuiteExecutor.accessTestSuiteMainPhase(TestSuiteExecutor.java:148)
	at com.kms.katalon.core.main.TestSuiteExecutor.execute(TestSuiteExecutor.java:106)
	at com.kms.katalon.core.main.TestCaseMain.startTestSuite(TestCaseMain.java:187)
	at com.kms.katalon.core.main.TestCaseMain$startTestSuite$0.call(Unknown Source)
	at TempTestSuite1681503010867.run(TempTestSuite1681503010867.groovy:36)
Caused by: com.kms.katalon.core.exception.StepFailedException: Text 'fue creado' is not present on page  using regular expression
	at com.kms.katalon.core.webui.keyword.internal.WebUIKeywordMain.stepFailed(WebUIKeywordMain.groovy:64)
	at com.kms.katalon.core.webui.keyword.builtin.VerifyTextPresentKeyword$_verifyTextPresent_closure1.doCall(VerifyTextPresentKeyword.groovy:79)
	at com.kms.katalon.core.webui.keyword.builtin.VerifyTextPresentKeyword$_verifyTextPresent_closure1.call(VerifyTextPresentKeyword.groovy)
	at com.kms.katalon.core.webui.keyword.internal.WebUIKeywordMain.runKeyword(WebUIKeywordMain.groovy:20)
	... 19 more


2023-04-14 15:10:39 - [TEST_STEP][PASSED] - openBrowser(""): Browser is opened with url: ''

2023-04-14 15:10:39 - [MESSAGE][WARNING] - A browser is already opened. Closing browser and opening a new one

2023-04-14 15:10:40 - [MESSAGE][INFO] - Starting 'Chrome' driver

2023-04-14 15:10:40 - [MESSAGE][INFO] - Action delay is set to 1.000 milliseconds

2023-04-14 15:10:41 - [MESSAGE][PASSED] - Browser is opened with url: ''

2023-04-14 15:10:41 - [TEST_STEP][PASSED] - maximizeWindow(): Current window maximized

2023-04-14 15:10:41 - [MESSAGE][PASSED] - Current window maximized

2023-04-14 15:10:41 - [TEST_STEP][PASSED] - navigateToUrl(url): Navigate to 'http://172.29.35.250:8080/PortalSena16/servlet/com.portalsena.scigamlogin' successfully

2023-04-14 15:10:45 - [MESSAGE][PASSED] - Navigate to 'http://172.29.35.250:8080/PortalSena16/servlet/com.portalsena.scigamlogin' successfully

2023-04-14 15:10:45 - [TEST_STEP][PASSED] - selectOptionByValue(findTestObject("Object Repository/Crear Candidatos/Page_Inicio de Sesin/select_SENA  InternoUsuario Externo"), "local", true): All options with value 'local' are selected in object 'Object Repository/Crear Candidatos/Page_Inicio de Sesin/select_SENA  InternoUsuario Externo'  using regular expression

2023-04-14 15:10:47 - [MESSAGE][PASSED] - All options with value 'local' are selected in object 'Object Repository/Crear Candidatos/Page_Inicio de Sesin/select_SENA  InternoUsuario Externo'  using regular expression

2023-04-14 15:10:47 - [TEST_STEP][PASSED] - setText(findTestObject("Object Repository/Crear Candidatos/Page_Inicio de Sesin/input_Iniciar con_vUSERNAME"), u_scitech1): Text 'scitech_1' is set on object 'Object Repository/Crear Candidatos/Page_Inicio de Sesin/input_Iniciar con_vUSERNAME'

2023-04-14 15:10:50 - [MESSAGE][PASSED] - Text 'scitech_1' is set on object 'Object Repository/Crear Candidatos/Page_Inicio de Sesin/input_Iniciar con_vUSERNAME'

2023-04-14 15:10:50 - [TEST_STEP][PASSED] - setText(findTestObject("Object Repository/Crear Candidatos/Page_Inicio de Sesin/input_Iniciar con_USERPASSWORDContainer_Use_26b53f"), p_scitech_1): Text 'scitech_1' is set on object 'Object Repository/Crear Candidatos/Page_Inicio de Sesin/input_Iniciar con_USERPASSWORDContainer_Use_26b53f'

2023-04-14 15:10:52 - [MESSAGE][PASSED] - Text 'scitech_1' is set on object 'Object Repository/Crear Candidatos/Page_Inicio de Sesin/input_Iniciar con_USERPASSWORDContainer_Use_26b53f'

2023-04-14 15:10:52 - [TEST_STEP][PASSED] - click(findTestObject("Object Repository/Crear Candidatos/Page_Inicio de Sesin/input_Por favor ingrese en siguiente texto_LOGIN")): Object: 'Object Repository/Crear Candidatos/Page_Inicio de Sesin/input_Por favor ingrese en siguiente texto_LOGIN' is clicked on

2023-04-14 15:10:54 - [MESSAGE][PASSED] - Object: 'Object Repository/Crear Candidatos/Page_Inicio de Sesin/input_Por favor ingrese en siguiente texto_LOGIN' is clicked on

2023-04-14 15:10:54 - [TEST_STEP][PASSED] - takeScreenshot(): Taking screenshot successfully

2023-04-14 15:10:56 - [MESSAGE][PASSED] - Taking screenshot successfully
[[ATTACHMENT|C:\\Users\\AGERENA\\git\\PortalSena\\Reports\\20230414_151009\\Test Suite Prueba Sena\\20230414_151010\\1681503056604.png]]

2023-04-14 15:10:56 - [TEST_STEP][PASSED] - click(findTestObject("Object Repository/Crear Candidatos/Page_Security Backend Home/a_Administracin")): Object: 'Object Repository/Crear Candidatos/Page_Security Backend Home/a_Administracin' is clicked on

2023-04-14 15:10:58 - [MESSAGE][PASSED] - Object: 'Object Repository/Crear Candidatos/Page_Security Backend Home/a_Administracin' is clicked on

2023-04-14 15:10:58 - [TEST_STEP][PASSED] - click(findTestObject("Object Repository/Crear Candidatos/Page_Security Backend Home/a_Candidatos")): Object: 'Object Repository/Crear Candidatos/Page_Security Backend Home/a_Candidatos' is clicked on

2023-04-14 15:10:59 - [MESSAGE][PASSED] - Object: 'Object Repository/Crear Candidatos/Page_Security Backend Home/a_Candidatos' is clicked on

2023-04-14 15:10:59 - [TEST_STEP][PASSED] - click(findTestObject("Object Repository/Crear Candidatos/Page_Security Backend Home/a_Candidatos_1")): Object: 'Object Repository/Crear Candidatos/Page_Security Backend Home/a_Candidatos_1' is clicked on

2023-04-14 15:11:01 - [MESSAGE][PASSED] - Object: 'Object Repository/Crear Candidatos/Page_Security Backend Home/a_Candidatos_1' is clicked on

2023-04-14 15:11:01 - [TEST_STEP][PASSED] - click(findTestObject("Object Repository/Crear Candidatos/Page_Candidatos/input_Estado_INSERT")): Object: 'Object Repository/Crear Candidatos/Page_Candidatos/input_Estado_INSERT' is clicked on

2023-04-14 15:11:10 - [MESSAGE][PASSED] - Object: 'Object Repository/Crear Candidatos/Page_Candidatos/input_Estado_INSERT' is clicked on

2023-04-14 15:11:10 - [TEST_STEP][PASSED] - takeScreenshot(): Taking screenshot successfully

2023-04-14 15:11:13 - [MESSAGE][PASSED] - Taking screenshot successfully
[[ATTACHMENT|C:\\Users\\AGERENA\\git\\PortalSena\\Reports\\20230414_151009\\Test Suite Prueba Sena\\20230414_151010\\1681503073396.png]]

2023-04-14 15:11:13 - [TEST_STEP][PASSED] - selectOptionByValue(findTestObject("Object Repository/Crear Candidatos/Page_Candidatos/select_Seleccione.CCCEEINTAX IDNITPEPPPTPSTI"), "1", true): All options with value '1' are selected in object 'Object Repository/Crear Candidatos/Page_Candidatos/select_Seleccione.CCCEEINTAX IDNITPEPPPTPSTI'  using regular expression

2023-04-14 15:11:15 - [MESSAGE][PASSED] - All options with value '1' are selected in object 'Object Repository/Crear Candidatos/Page_Candidatos/select_Seleccione.CCCEEINTAX IDNITPEPPPTPSTI'  using regular expression

2023-04-14 15:11:15 - [TEST_STEP][PASSED] - setText(findTestObject("Object Repository/Crear Candidatos/Page_Candidatos/input_Nmero Identificacin_W0026W0007W0012EC_03770d"), "123454321"): Text '123454321' is set on object 'Object Repository/Crear Candidatos/Page_Candidatos/input_Nmero Identificacin_W0026W0007W0012EC_03770d'

2023-04-14 15:11:18 - [MESSAGE][PASSED] - Text '123454321' is set on object 'Object Repository/Crear Candidatos/Page_Candidatos/input_Nmero Identificacin_W0026W0007W0012EC_03770d'

2023-04-14 15:11:18 - [TEST_STEP][PASSED] - setText(findTestObject("Object Repository/Crear Candidatos/Page_Candidatos/input_Primer Nombre_W0026W0007W0012ECANNOMPRI"), "Juan"): Text 'Juan' is set on object 'Object Repository/Crear Candidatos/Page_Candidatos/input_Primer Nombre_W0026W0007W0012ECANNOMPRI'

2023-04-14 15:11:21 - [MESSAGE][PASSED] - Text 'Juan' is set on object 'Object Repository/Crear Candidatos/Page_Candidatos/input_Primer Nombre_W0026W0007W0012ECANNOMPRI'

2023-04-14 15:11:21 - [TEST_STEP][PASSED] - setText(findTestObject("Object Repository/Crear Candidatos/Page_Candidatos/input_Segundo Nombre_W0026W0007W0012ECANNOMSEG"), "Jose"): Text 'Jose' is set on object 'Object Repository/Crear Candidatos/Page_Candidatos/input_Segundo Nombre_W0026W0007W0012ECANNOMSEG'

2023-04-14 15:11:24 - [MESSAGE][PASSED] - Text 'Jose' is set on object 'Object Repository/Crear Candidatos/Page_Candidatos/input_Segundo Nombre_W0026W0007W0012ECANNOMSEG'

2023-04-14 15:11:24 - [TEST_STEP][PASSED] - setText(findTestObject("Object Repository/Crear Candidatos/Page_Candidatos/input_Primer Apellido_W0026W0007W0012ECANAPEPRI"), "Pelaez"): Text 'Pelaez' is set on object 'Object Repository/Crear Candidatos/Page_Candidatos/input_Primer Apellido_W0026W0007W0012ECANAPEPRI'

2023-04-14 15:11:27 - [MESSAGE][PASSED] - Text 'Pelaez' is set on object 'Object Repository/Crear Candidatos/Page_Candidatos/input_Primer Apellido_W0026W0007W0012ECANAPEPRI'

2023-04-14 15:11:27 - [TEST_STEP][PASSED] - setText(findTestObject("Object Repository/Crear Candidatos/Page_Candidatos/input_Segundo Apellido_W0026W0007W0012ECANAPESEG"), "Aguirre"): Text 'Aguirre' is set on object 'Object Repository/Crear Candidatos/Page_Candidatos/input_Segundo Apellido_W0026W0007W0012ECANAPESEG'

2023-04-14 15:11:30 - [MESSAGE][PASSED] - Text 'Aguirre' is set on object 'Object Repository/Crear Candidatos/Page_Candidatos/input_Segundo Apellido_W0026W0007W0012ECANAPESEG'

2023-04-14 15:11:30 - [TEST_STEP][PASSED] - setText(findTestObject("Object Repository/Crear Candidatos/Page_Candidatos/input_Fecha Nacimiento_W0026W0007W0012ECANFECNAC"), "18/04/1993"): Text '18/04/1993' is set on object 'Object Repository/Crear Candidatos/Page_Candidatos/input_Fecha Nacimiento_W0026W0007W0012ECANFECNAC'

2023-04-14 15:11:33 - [MESSAGE][PASSED] - Text '18/04/1993' is set on object 'Object Repository/Crear Candidatos/Page_Candidatos/input_Fecha Nacimiento_W0026W0007W0012ECANFECNAC'

2023-04-14 15:11:33 - [TEST_STEP][PASSED] - fechaNacimiento = findWebElement(findTestObject("Object Repository/Crear Candidatos/Page_Candidatos/input_Fecha Nacimiento_W0026W0007W0012ECANFECNAC"), 30): null

2023-04-14 15:11:33 - [TEST_STEP][PASSED] - executeJavaScript("arguments[0].value='18/04/1993'", Arrays.asList(fechaNacimiento)): Execute JavaScript 'arguments[0].value='18/04/1993'' successfully

2023-04-14 15:11:33 - [MESSAGE][PASSED] - Execute JavaScript 'arguments[0].value='18/04/1993'' successfully

2023-04-14 15:11:33 - [TEST_STEP][PASSED] - takeScreenshot(): Taking screenshot successfully

2023-04-14 15:11:33 - [MESSAGE][PASSED] - Taking screenshot successfully
[[ATTACHMENT|C:\\Users\\AGERENA\\git\\PortalSena\\Reports\\20230414_151009\\Test Suite Prueba Sena\\20230414_151010\\1681503093866.png]]

2023-04-14 15:11:33 - [TEST_STEP][PASSED] - selectOptionByValue(findTestObject("Object Repository/Crear Candidatos/Page_Candidatos/select_Seleccione.HombreMujer"), "1", true): All options with value '1' are selected in object 'Object Repository/Crear Candidatos/Page_Candidatos/select_Seleccione.HombreMujer'  using regular expression

2023-04-14 15:11:36 - [MESSAGE][PASSED] - All options with value '1' are selected in object 'Object Repository/Crear Candidatos/Page_Candidatos/select_Seleccione.HombreMujer'  using regular expression

2023-04-14 15:11:36 - [TEST_STEP][PASSED] - selectOptionByValue(findTestObject("Object Repository/Crear Candidatos/Page_Candidatos/select_Seleccione.ABAB-AA-BB-OO-"), "7", true): All options with value '7' are selected in object 'Object Repository/Crear Candidatos/Page_Candidatos/select_Seleccione.ABAB-AA-BB-OO-'  using regular expression

2023-04-14 15:11:38 - [MESSAGE][PASSED] - All options with value '7' are selected in object 'Object Repository/Crear Candidatos/Page_Candidatos/select_Seleccione.ABAB-AA-BB-OO-'  using regular expression

2023-04-14 15:11:38 - [TEST_STEP][PASSED] - selectOptionByValue(findTestObject("Crear Candidatos/Page_Candidatos/select_Seleccione.FEMENINOLGTBIQMASCULINONO DEFINIDO"), "1", true): All options with value '1' are selected in object 'Object Repository/Crear Candidatos/Page_Candidatos/select_Seleccione.FEMENINOLGTBIQMASCULINONO DEFINIDO'  using regular expression

2023-04-14 15:11:41 - [MESSAGE][PASSED] - All options with value '1' are selected in object 'Object Repository/Crear Candidatos/Page_Candidatos/select_Seleccione.FEMENINOLGTBIQMASCULINONO DEFINIDO'  using regular expression

2023-04-14 15:11:41 - [TEST_STEP][PASSED] - selectOptionByValue(findTestObject("Object Repository/Crear Candidatos/Page_Candidatos/select_Seleccione.AMAZONASANTIOQUIAARAUCAAT_c008ef"), "22", true): All options with value '22' are selected in object 'Object Repository/Crear Candidatos/Page_Candidatos/select_Seleccione.AMAZONASANTIOQUIAARAUCAAT_c008ef'  using regular expression

2023-04-14 15:11:44 - [MESSAGE][PASSED] - All options with value '22' are selected in object 'Object Repository/Crear Candidatos/Page_Candidatos/select_Seleccione.AMAZONASANTIOQUIAARAUCAAT_c008ef'  using regular expression

2023-04-14 15:11:44 - [TEST_STEP][PASSED] - selectOptionByValue(findTestObject("Object Repository/Crear Candidatos/Page_Candidatos/select_Seleccione.AGUADAALBANIAARATOCABARBO_f6a42f"), "848", true): All options with value '848' are selected in object 'Object Repository/Crear Candidatos/Page_Candidatos/select_Seleccione.AGUADAALBANIAARATOCABARBO_f6a42f'  using regular expression

2023-04-14 15:11:48 - [MESSAGE][PASSED] - All options with value '848' are selected in object 'Object Repository/Crear Candidatos/Page_Candidatos/select_Seleccione.AGUADAALBANIAARATOCABARBO_f6a42f'  using regular expression

2023-04-14 15:11:48 - [TEST_STEP][PASSED] - setText(findTestObject("Object Repository/Crear Candidatos/Page_Candidatos/input_Fecha Expedicin_W0026W0007W0012ECANFECEXPDOC"), "19/04/2011"): Text '19/04/2011' is set on object 'Object Repository/Crear Candidatos/Page_Candidatos/input_Fecha Expedicin_W0026W0007W0012ECANFECEXPDOC'

2023-04-14 15:11:51 - [MESSAGE][PASSED] - Text '19/04/2011' is set on object 'Object Repository/Crear Candidatos/Page_Candidatos/input_Fecha Expedicin_W0026W0007W0012ECANFECEXPDOC'

2023-04-14 15:11:51 - [TEST_STEP][PASSED] - fechaExpedicion = findWebElement(findTestObject("Object Repository/Crear Candidatos/Page_Candidatos/input_Fecha Expedicin_W0026W0007W0012ECANFECEXPDOC"), 30): null

2023-04-14 15:11:51 - [TEST_STEP][PASSED] - executeJavaScript("arguments[0].value='19/04/2011'", Arrays.asList(fechaExpedicion)): Execute JavaScript 'arguments[0].value='19/04/2011'' successfully

2023-04-14 15:11:51 - [MESSAGE][PASSED] - Execute JavaScript 'arguments[0].value='19/04/2011'' successfully

2023-04-14 15:11:51 - [TEST_STEP][PASSED] - selectOptionByValue(findTestObject("Object Repository/Crear Candidatos/Page_Candidatos/select_Seleccione.AMAZONASANTIOQUIAARAUCAAT_c008ef_1"), "26", true): All options with value '26' are selected in object 'Object Repository/Crear Candidatos/Page_Candidatos/select_Seleccione.AMAZONASANTIOQUIAARAUCAAT_c008ef_1'  using regular expression

2023-04-14 15:11:54 - [MESSAGE][PASSED] - All options with value '26' are selected in object 'Object Repository/Crear Candidatos/Page_Candidatos/select_Seleccione.AMAZONASANTIOQUIAARAUCAAT_c008ef_1'  using regular expression

2023-04-14 15:11:54 - [TEST_STEP][PASSED] - selectOptionByValue(findTestObject("Object Repository/Crear Candidatos/Page_Candidatos/select_Seleccione.ARAUCAARAUQUITACRAVO NORT_4b0dac"), "1053", true): All options with value '1053' are selected in object 'Object Repository/Crear Candidatos/Page_Candidatos/select_Seleccione.ARAUCAARAUQUITACRAVO NORT_4b0dac'  using regular expression

2023-04-14 15:11:56 - [MESSAGE][PASSED] - All options with value '1053' are selected in object 'Object Repository/Crear Candidatos/Page_Candidatos/select_Seleccione.ARAUCAARAUQUITACRAVO NORT_4b0dac'  using regular expression

2023-04-14 15:11:56 - [TEST_STEP][PASSED] - takeScreenshot(): Taking screenshot successfully

2023-04-14 15:11:57 - [MESSAGE][PASSED] - Taking screenshot successfully
[[ATTACHMENT|C:\\Users\\AGERENA\\git\\PortalSena\\Reports\\20230414_151009\\Test Suite Prueba Sena\\20230414_151010\\1681503116991.png]]

2023-04-14 15:11:57 - [TEST_STEP][PASSED] - setText(findTestObject("Object Repository/Crear Candidatos/Page_Candidatos/input_Libreta Militar_W0026W0007W0012ECANLIBMIL"), "123454321"): Text '123454321' is set on object 'Object Repository/Crear Candidatos/Page_Candidatos/input_Libreta Militar_W0026W0007W0012ECANLIBMIL'

2023-04-14 15:11:59 - [MESSAGE][PASSED] - Text '123454321' is set on object 'Object Repository/Crear Candidatos/Page_Candidatos/input_Libreta Militar_W0026W0007W0012ECANLIBMIL'

2023-04-14 15:11:59 - [TEST_STEP][PASSED] - selectOptionByValue(findTestObject("Object Repository/Crear Candidatos/Page_Candidatos/select_Seleccione.CASADOINDIFERENTESEPARADO_cdd702"), "1", true): All options with value '1' are selected in object 'Object Repository/Crear Candidatos/Page_Candidatos/select_Seleccione.CASADOINDIFERENTESEPARADO_cdd702'  using regular expression

2023-04-14 15:12:02 - [MESSAGE][PASSED] - All options with value '1' are selected in object 'Object Repository/Crear Candidatos/Page_Candidatos/select_Seleccione.CASADOINDIFERENTESEPARADO_cdd702'  using regular expression

2023-04-14 15:12:02 - [TEST_STEP][PASSED] - selectOptionByValue(findTestObject("Object Repository/Crear Candidatos/Page_Candidatos/select_Seleccione.NINGUNOPRIMARIAMEDIABACHI_b4fc22"), "6", true): All options with value '6' are selected in object 'Object Repository/Crear Candidatos/Page_Candidatos/select_Seleccione.NINGUNOPRIMARIAMEDIABACHI_b4fc22'  using regular expression

2023-04-14 15:12:04 - [MESSAGE][PASSED] - All options with value '6' are selected in object 'Object Repository/Crear Candidatos/Page_Candidatos/select_Seleccione.NINGUNOPRIMARIAMEDIABACHI_b4fc22'  using regular expression

2023-04-14 15:12:04 - [TEST_STEP][PASSED] - selectOptionByValue(findTestObject("Object Repository/Crear Candidatos/Page_Candidatos/select_Seleccione.ABANDONO O DESPOJO FORZAD_e1afd4"), "46", true): All options with value '46' are selected in object 'Object Repository/Crear Candidatos/Page_Candidatos/select_Seleccione.ABANDONO O DESPOJO FORZAD_e1afd4'  using regular expression

2023-04-14 15:12:08 - [MESSAGE][PASSED] - All options with value '46' are selected in object 'Object Repository/Crear Candidatos/Page_Candidatos/select_Seleccione.ABANDONO O DESPOJO FORZAD_e1afd4'  using regular expression

2023-04-14 15:12:08 - [TEST_STEP][PASSED] - selectOptionByValue(findTestObject("Object Repository/Crear Candidatos/Page_Candidatos/select_Seleccione.SiNo"), "2", true): All options with value '2' are selected in object 'Object Repository/Crear Candidatos/Page_Candidatos/select_Seleccione.SiNo'  using regular expression

2023-04-14 15:12:10 - [MESSAGE][PASSED] - All options with value '2' are selected in object 'Object Repository/Crear Candidatos/Page_Candidatos/select_Seleccione.SiNo'  using regular expression

2023-04-14 15:12:10 - [TEST_STEP][PASSED] - selectOptionByValue(findTestObject("Object Repository/Crear Candidatos/Page_Candidatos/select_Seleccione.EMPLEADOEN BSQUEDA DE EMP_3a53bd"), "1", true): All options with value '1' are selected in object 'Object Repository/Crear Candidatos/Page_Candidatos/select_Seleccione.EMPLEADOEN BSQUEDA DE EMP_3a53bd'  using regular expression

2023-04-14 15:12:12 - [MESSAGE][PASSED] - All options with value '1' are selected in object 'Object Repository/Crear Candidatos/Page_Candidatos/select_Seleccione.EMPLEADOEN BSQUEDA DE EMP_3a53bd'  using regular expression

2023-04-14 15:12:12 - [TEST_STEP][PASSED] - selectOptionByValue(findTestObject("Crear Candidatos/Page_Candidatos/select_Seleccione.50.000 A 600.000ALTOSBAJOS"), "1", false): All options with value '1' are selected in object 'Object Repository/Crear Candidatos/Page_Candidatos/select_Seleccione.50.000 A 600.000ALTOSBAJOS' 

2023-04-14 15:12:14 - [MESSAGE][PASSED] - All options with value '1' are selected in object 'Object Repository/Crear Candidatos/Page_Candidatos/select_Seleccione.50.000 A 600.000ALTOSBAJOS' 

2023-04-14 15:12:14 - [TEST_STEP][PASSED] - selectOptionByValue(findTestObject("Object Repository/Crear Candidatos/Page_Candidatos/select_Seleccione.SiNo_1"), "2", true): All options with value '2' are selected in object 'Object Repository/Crear Candidatos/Page_Candidatos/select_Seleccione.SiNo_1'  using regular expression

2023-04-14 15:12:16 - [MESSAGE][PASSED] - All options with value '2' are selected in object 'Object Repository/Crear Candidatos/Page_Candidatos/select_Seleccione.SiNo_1'  using regular expression

2023-04-14 15:12:16 - [TEST_STEP][PASSED] - click(findTestObject("Object Repository/Crear Candidatos/Page_Candidatos/img_Ocupacin(es)_W0026W0007W0012SELCARGOS")): Object: 'Object Repository/Crear Candidatos/Page_Candidatos/img_Ocupacin(es)_W0026W0007W0012SELCARGOS' is clicked on

2023-04-14 15:12:18 - [MESSAGE][PASSED] - Object: 'Object Repository/Crear Candidatos/Page_Candidatos/img_Ocupacin(es)_W0026W0007W0012SELCARGOS' is clicked on

2023-04-14 15:12:18 - [TEST_STEP][PASSED] - click(findTestObject("Object Repository/Crear Candidatos/Page_Candidatos/input_Clasificacin Nacional de Ocupaciones__a6b682")): Object: 'Object Repository/Crear Candidatos/Page_Candidatos/input_Clasificacin Nacional de Ocupaciones__a6b682' is clicked on

2023-04-14 15:12:27 - [MESSAGE][PASSED] - Object: 'Object Repository/Crear Candidatos/Page_Candidatos/input_Clasificacin Nacional de Ocupaciones__a6b682' is clicked on

2023-04-14 15:12:27 - [TEST_STEP][PASSED] - click(findTestObject("Object Repository/Crear Candidatos/Page_Candidatos/input_Sin Asignar Profesiones_CONFIRMARSELECCION")): Object: 'Object Repository/Crear Candidatos/Page_Candidatos/input_Sin Asignar Profesiones_CONFIRMARSELECCION' is clicked on

2023-04-14 15:12:29 - [MESSAGE][PASSED] - Object: 'Object Repository/Crear Candidatos/Page_Candidatos/input_Sin Asignar Profesiones_CONFIRMARSELECCION' is clicked on

2023-04-14 15:12:29 - [TEST_STEP][PASSED] - selectOptionByValue(findTestObject("Crear Candidatos/Page_Candidatos/select_Seleccione.SINO_InfAdCan 1"), "2", true): All options with value '2' are selected in object 'Object Repository/Crear Candidatos/Page_Candidatos/select_Seleccione.SINO_InfAdCan 1'  using regular expression

2023-04-14 15:12:31 - [MESSAGE][PASSED] - All options with value '2' are selected in object 'Object Repository/Crear Candidatos/Page_Candidatos/select_Seleccione.SINO_InfAdCan 1'  using regular expression

2023-04-14 15:12:31 - [TEST_STEP][PASSED] - selectOptionByValue(findTestObject("Crear Candidatos/Page_Candidatos/select_Seleccione.SINO_InfAdCan 2"), "2", true): All options with value '2' are selected in object 'Object Repository/Crear Candidatos/Page_Candidatos/select_Seleccione.SINO_InfAdCan 2'  using regular expression

2023-04-14 15:12:34 - [MESSAGE][PASSED] - All options with value '2' are selected in object 'Object Repository/Crear Candidatos/Page_Candidatos/select_Seleccione.SINO_InfAdCan 2'  using regular expression

2023-04-14 15:12:34 - [TEST_STEP][PASSED] - selectOptionByValue(findTestObject("Crear Candidatos/Page_Candidatos/select_Seleccione.SINO_InfAdCan 3"), "2", true): All options with value '2' are selected in object 'Object Repository/Crear Candidatos/Page_Candidatos/select_Seleccione.SINO_InfAdCan 3'  using regular expression

2023-04-14 15:12:36 - [MESSAGE][PASSED] - All options with value '2' are selected in object 'Object Repository/Crear Candidatos/Page_Candidatos/select_Seleccione.SINO_InfAdCan 3'  using regular expression

2023-04-14 15:12:36 - [TEST_STEP][PASSED] - selectOptionByValue(findTestObject("Crear Candidatos/Page_Candidatos/select_Seleccione.SINO_InfAdCan 4"), "2", true): All options with value '2' are selected in object 'Object Repository/Crear Candidatos/Page_Candidatos/select_Seleccione.SINO_InfAdCan 4'  using regular expression

2023-04-14 15:12:38 - [MESSAGE][PASSED] - All options with value '2' are selected in object 'Object Repository/Crear Candidatos/Page_Candidatos/select_Seleccione.SINO_InfAdCan 4'  using regular expression

2023-04-14 15:12:38 - [TEST_STEP][PASSED] - takeScreenshot(): Taking screenshot successfully

2023-04-14 15:12:39 - [MESSAGE][PASSED] - Taking screenshot successfully
[[ATTACHMENT|C:\\Users\\AGERENA\\git\\PortalSena\\Reports\\20230414_151009\\Test Suite Prueba Sena\\20230414_151010\\1681503159471.png]]

2023-04-14 15:12:39 - [TEST_STEP][PASSED] - setText(findTestObject("Crear Candidatos/Page_Candidatos/input_Direccin_W0031W0007W0012ECANDIRDOM"), "Calle 1 # 2 - 03"): Text 'Calle 1 # 2 - 03' is set on object 'Object Repository/Crear Candidatos/Page_Candidatos/input_Direccin_W0031W0007W0012ECANDIRDOM'

2023-04-14 15:12:42 - [MESSAGE][PASSED] - Text 'Calle 1 # 2 - 03' is set on object 'Object Repository/Crear Candidatos/Page_Candidatos/input_Direccin_W0031W0007W0012ECANDIRDOM'

2023-04-14 15:12:42 - [TEST_STEP][PASSED] - setText(findTestObject("Object Repository/Crear Candidatos/Page_Candidatos/input_Barrio_W0026W0007W0012ECANBAR"), "PROVENZA"): Text 'PROVENZA' is set on object 'Object Repository/Crear Candidatos/Page_Candidatos/input_Barrio_W0026W0007W0012ECANBAR'

2023-04-14 15:12:45 - [MESSAGE][PASSED] - Text 'PROVENZA' is set on object 'Object Repository/Crear Candidatos/Page_Candidatos/input_Barrio_W0026W0007W0012ECANBAR'

2023-04-14 15:12:45 - [TEST_STEP][PASSED] - selectOptionByValue(findTestObject("Object Repository/Crear Candidatos/Page_Candidatos/select_Seleccione.AMAZONASANTIOQUIAARAUCAAT_c008ef_1_2"), "2", true): All options with value '2' are selected in object 'Object Repository/Crear Candidatos/Page_Candidatos/select_Seleccione.AMAZONASANTIOQUIAARAUCAAT_c008ef_1_2'  using regular expression

2023-04-14 15:12:48 - [MESSAGE][PASSED] - All options with value '2' are selected in object 'Object Repository/Crear Candidatos/Page_Candidatos/select_Seleccione.AMAZONASANTIOQUIAARAUCAAT_c008ef_1_2'  using regular expression

2023-04-14 15:12:48 - [TEST_STEP][PASSED] - selectOptionByValue(findTestObject("Object Repository/Crear Candidatos/Page_Candidatos/select_Seleccione.ABEJORRALABRIAQUALEJANDRA_874242"), "20", true): All options with value '20' are selected in object 'Object Repository/Crear Candidatos/Page_Candidatos/select_Seleccione.ABEJORRALABRIAQUALEJANDRA_874242'  using regular expression

2023-04-14 15:12:52 - [MESSAGE][PASSED] - All options with value '20' are selected in object 'Object Repository/Crear Candidatos/Page_Candidatos/select_Seleccione.ABEJORRALABRIAQUALEJANDRA_874242'  using regular expression

2023-04-14 15:12:52 - [TEST_STEP][PASSED] - selectOptionByValue(findTestObject("Object Repository/Crear Candidatos/Page_Candidatos/select_Seleccione.TRESCUATROCINCOUNODOSSEIS"), "3", true): All options with value '3' are selected in object 'Object Repository/Crear Candidatos/Page_Candidatos/select_Seleccione.TRESCUATROCINCOUNODOSSEIS'  using regular expression

2023-04-14 15:12:54 - [MESSAGE][PASSED] - All options with value '3' are selected in object 'Object Repository/Crear Candidatos/Page_Candidatos/select_Seleccione.TRESCUATROCINCOUNODOSSEIS'  using regular expression

2023-04-14 15:12:54 - [TEST_STEP][PASSED] - setText(findTestObject("Object Repository/Crear Candidatos/Page_Candidatos/input_Telfono_W0026W0007W0012ECANTEL"), "3211111"): Text '3211111' is set on object 'Object Repository/Crear Candidatos/Page_Candidatos/input_Telfono_W0026W0007W0012ECANTEL'

2023-04-14 15:12:57 - [MESSAGE][PASSED] - Text '3211111' is set on object 'Object Repository/Crear Candidatos/Page_Candidatos/input_Telfono_W0026W0007W0012ECANTEL'

2023-04-14 15:12:57 - [TEST_STEP][PASSED] - setText(findTestObject("Object Repository/Crear Candidatos/Page_Candidatos/input_Celular_W0026W0007W0012ECANCEL"), "3211111111"): Text '3211111111' is set on object 'Object Repository/Crear Candidatos/Page_Candidatos/input_Celular_W0026W0007W0012ECANCEL'

2023-04-14 15:13:00 - [MESSAGE][PASSED] - Text '3211111111' is set on object 'Object Repository/Crear Candidatos/Page_Candidatos/input_Celular_W0026W0007W0012ECANCEL'

2023-04-14 15:13:00 - [TEST_STEP][PASSED] - setText(findTestObject("Object Repository/Crear Candidatos/Page_Candidatos/input_E-mail_W0026W0007W0012ECANEMA"), "correoprueba202304_1@gmail.com"): Text 'correoprueba202304_1@gmail.com' is set on object 'Object Repository/Crear Candidatos/Page_Candidatos/input_E-mail_W0026W0007W0012ECANEMA'

2023-04-14 15:13:03 - [MESSAGE][PASSED] - Text 'correoprueba202304_1@gmail.com' is set on object 'Object Repository/Crear Candidatos/Page_Candidatos/input_E-mail_W0026W0007W0012ECANEMA'

2023-04-14 15:13:03 - [TEST_STEP][PASSED] - setText(findTestObject("Object Repository/Crear Candidatos/Page_Candidatos/input_Nombre_W0026W0007W0012ECAMEMENOM"), "Ana Maria Galviz"): Text 'Ana Maria Galviz' is set on object 'Object Repository/Crear Candidatos/Page_Candidatos/input_Nombre_W0026W0007W0012ECAMEMENOM'

2023-04-14 15:13:06 - [MESSAGE][PASSED] - Text 'Ana Maria Galviz' is set on object 'Object Repository/Crear Candidatos/Page_Candidatos/input_Nombre_W0026W0007W0012ECAMEMENOM'

2023-04-14 15:13:06 - [TEST_STEP][PASSED] - setText(findTestObject("Object Repository/Crear Candidatos/Page_Candidatos/input_Celular_W0026W0007W0012ECAMEMETEL"), "3212222222"): Text '3212222222' is set on object 'Object Repository/Crear Candidatos/Page_Candidatos/input_Celular_W0026W0007W0012ECAMEMETEL'

2023-04-14 15:13:09 - [MESSAGE][PASSED] - Text '3212222222' is set on object 'Object Repository/Crear Candidatos/Page_Candidatos/input_Celular_W0026W0007W0012ECAMEMETEL'

2023-04-14 15:13:09 - [TEST_STEP][PASSED] - takeScreenshot(): Taking screenshot successfully

2023-04-14 15:13:09 - [MESSAGE][PASSED] - Taking screenshot successfully
[[ATTACHMENT|C:\\Users\\AGERENA\\git\\PortalSena\\Reports\\20230414_151009\\Test Suite Prueba Sena\\20230414_151010\\1681503189562.png]]

2023-04-14 15:13:09 - [TEST_STEP][PASSED] - click(findTestObject("Object Repository/Crear Candidatos/Page_Candidatos/img_reas de Inters_W0026W0007W0012SELAREASINTERES")): Object: 'Object Repository/Crear Candidatos/Page_Candidatos/img_reas de Inters_W0026W0007W0012SELAREASINTERES' is clicked on

2023-04-14 15:13:11 - [MESSAGE][PASSED] - Object: 'Object Repository/Crear Candidatos/Page_Candidatos/img_reas de Inters_W0026W0007W0012SELAREASINTERES' is clicked on

2023-04-14 15:13:11 - [TEST_STEP][PASSED] - click(findTestObject("Object Repository/Crear Candidatos/Page_Candidatos/label (1)")): Object: 'Object Repository/Crear Candidatos/Page_Candidatos/label (1)' is clicked on

2023-04-14 15:13:13 - [MESSAGE][PASSED] - Object: 'Object Repository/Crear Candidatos/Page_Candidatos/label (1)' is clicked on

2023-04-14 15:13:13 - [TEST_STEP][PASSED] - takeScreenshot(): Taking screenshot successfully

2023-04-14 15:13:14 - [MESSAGE][PASSED] - Taking screenshot successfully
[[ATTACHMENT|C:\\Users\\AGERENA\\git\\PortalSena\\Reports\\20230414_151009\\Test Suite Prueba Sena\\20230414_151010\\1681503193924.png]]

2023-04-14 15:13:14 - [TEST_STEP][PASSED] - click(findTestObject("Object Repository/Crear Candidatos/Page_Candidatos/input_reas de Inters_CONFIRMAR")): Object: 'Object Repository/Crear Candidatos/Page_Candidatos/input_reas de Inters_CONFIRMAR' is clicked on

2023-04-14 15:13:15 - [MESSAGE][PASSED] - Object: 'Object Repository/Crear Candidatos/Page_Candidatos/input_reas de Inters_CONFIRMAR' is clicked on

2023-04-14 15:13:15 - [TEST_STEP][PASSED] - click(findTestObject("Object Repository/Crear Candidatos/Page_Candidatos/input_-        000000_W0026W0007W0012ENTER")): Object: 'Object Repository/Crear Candidatos/Page_Candidatos/input_-        000000_W0026W0007W0012ENTER' is clicked on

2023-04-14 15:13:17 - [MESSAGE][PASSED] - Object: 'Object Repository/Crear Candidatos/Page_Candidatos/input_-        000000_W0026W0007W0012ENTER' is clicked on

2023-04-14 15:13:17 - [TEST_STEP][PASSED] - delay(2): Delayed 2 second(s)

2023-04-14 15:13:19 - [MESSAGE][PASSED] - Delayed 2 second(s)

2023-04-14 15:13:19 - [TEST_STEP][FAILED] - verifyTextPresent("fue creado", true): Unable to verify text 'fue creado' is present  using regular expression (Root cause: com.kms.katalon.core.exception.StepFailedException: Unable to verify text 'fue creado' is present  using regular expression
	at com.kms.katalon.core.webui.keyword.internal.WebUIKeywordMain.stepFailed(WebUIKeywordMain.groovy:64)
	at com.kms.katalon.core.webui.keyword.internal.WebUIKeywordMain.runKeyword(WebUIKeywordMain.groovy:26)
	at com.kms.katalon.core.webui.keyword.builtin.VerifyTextPresentKeyword.verifyTextPresent(VerifyTextPresentKeyword.groovy:83)
	at com.kms.katalon.core.webui.keyword.builtin.VerifyTextPresentKeyword.execute(VerifyTextPresentKeyword.groovy:68)
	at com.kms.katalon.core.keyword.internal.KeywordExecutor.executeKeywordForPlatform(KeywordExecutor.groovy:74)
	at com.kms.katalon.core.webui.keyword.WebUiBuiltInKeywords.verifyTextPresent(WebUiBuiltInKeywords.groovy:1723)
	at com.kms.katalon.core.webui.keyword.WebUiBuiltInKeywords$verifyTextPresent$7.call(Unknown Source)
	at Crear Candidato.run(Crear Candidato:192)
	at com.kms.katalon.core.main.ScriptEngine.run(ScriptEngine.java:194)
	at com.kms.katalon.core.main.ScriptEngine.runScriptAsRawText(ScriptEngine.java:119)
	at com.kms.katalon.core.main.TestCaseExecutor.runScript(TestCaseExecutor.java:448)
	at com.kms.katalon.core.main.TestCaseExecutor.doExecute(TestCaseExecutor.java:439)
	at com.kms.katalon.core.main.TestCaseExecutor.processExecutionPhase(TestCaseExecutor.java:418)
	at com.kms.katalon.core.main.TestCaseExecutor.accessMainPhase(TestCaseExecutor.java:410)
	at com.kms.katalon.core.main.TestCaseExecutor.execute(TestCaseExecutor.java:285)
	at com.kms.katalon.core.common.CommonExecutor.accessTestCaseMainPhase(CommonExecutor.java:65)
	at com.kms.katalon.core.main.TestSuiteExecutor.accessTestSuiteMainPhase(TestSuiteExecutor.java:148)
	at com.kms.katalon.core.main.TestSuiteExecutor.execute(TestSuiteExecutor.java:106)
	at com.kms.katalon.core.main.TestCaseMain.startTestSuite(TestCaseMain.java:187)
	at com.kms.katalon.core.main.TestCaseMain$startTestSuite$0.call(Unknown Source)
	at TempTestSuite1681503010867.run(TempTestSuite1681503010867.groovy:36)
Caused by: com.kms.katalon.core.exception.StepFailedException: Text 'fue creado' is not present on page  using regular expression
	at com.kms.katalon.core.webui.keyword.internal.WebUIKeywordMain.stepFailed(WebUIKeywordMain.groovy:64)
	at com.kms.katalon.core.webui.keyword.builtin.VerifyTextPresentKeyword$_verifyTextPresent_closure1.doCall(VerifyTextPresentKeyword.groovy:79)
	at com.kms.katalon.core.webui.keyword.builtin.VerifyTextPresentKeyword$_verifyTextPresent_closure1.call(VerifyTextPresentKeyword.groovy)
	at com.kms.katalon.core.webui.keyword.internal.WebUIKeywordMain.runKeyword(WebUIKeywordMain.groovy:20)
	... 19 more
)

2023-04-14 15:13:27 - [MESSAGE][FAILED] - Text 'fue creado' is not present on page  using regular expression (Root cause: com.kms.katalon.core.exception.StepFailedException: Text 'fue creado' is not present on page  using regular expression
	at com.kms.katalon.core.webui.keyword.internal.WebUIKeywordMain.stepFailed(WebUIKeywordMain.groovy:64)
	at com.kms.katalon.core.webui.keyword.builtin.VerifyTextPresentKeyword$_verifyTextPresent_closure1.doCall(VerifyTextPresentKeyword.groovy:79)
	at com.kms.katalon.core.webui.keyword.builtin.VerifyTextPresentKeyword$_verifyTextPresent_closure1.call(VerifyTextPresentKeyword.groovy)
	at com.kms.katalon.core.webui.keyword.internal.WebUIKeywordMain.runKeyword(WebUIKeywordMain.groovy:20)
	at com.kms.katalon.core.webui.keyword.builtin.VerifyTextPresentKeyword.verifyTextPresent(VerifyTextPresentKeyword.groovy:83)
	at com.kms.katalon.core.webui.keyword.builtin.VerifyTextPresentKeyword.execute(VerifyTextPresentKeyword.groovy:68)
	at com.kms.katalon.core.keyword.internal.KeywordExecutor.executeKeywordForPlatform(KeywordExecutor.groovy:74)
	at com.kms.katalon.core.webui.keyword.WebUiBuiltInKeywords.verifyTextPresent(WebUiBuiltInKeywords.groovy:1723)
	at com.kms.katalon.core.webui.keyword.WebUiBuiltInKeywords$verifyTextPresent$7.call(Unknown Source)
	at Crear Candidato.run(Crear Candidato:192)
	at com.kms.katalon.core.main.ScriptEngine.run(ScriptEngine.java:194)
	at com.kms.katalon.core.main.ScriptEngine.runScriptAsRawText(ScriptEngine.java:119)
	at com.kms.katalon.core.main.TestCaseExecutor.runScript(TestCaseExecutor.java:448)
	at com.kms.katalon.core.main.TestCaseExecutor.doExecute(TestCaseExecutor.java:439)
	at com.kms.katalon.core.main.TestCaseExecutor.processExecutionPhase(TestCaseExecutor.java:418)
	at com.kms.katalon.core.main.TestCaseExecutor.accessMainPhase(TestCaseExecutor.java:410)
	at com.kms.katalon.core.main.TestCaseExecutor.execute(TestCaseExecutor.java:285)
	at com.kms.katalon.core.common.CommonExecutor.accessTestCaseMainPhase(CommonExecutor.java:65)
	at com.kms.katalon.core.main.TestSuiteExecutor.accessTestSuiteMainPhase(TestSuiteExecutor.java:148)
	at com.kms.katalon.core.main.TestSuiteExecutor.execute(TestSuiteExecutor.java:106)
	at com.kms.katalon.core.main.TestCaseMain.startTestSuite(TestCaseMain.java:187)
	at com.kms.katalon.core.main.TestCaseMain$startTestSuite$0.call(Unknown Source)
	at TempTestSuite1681503010867.run(TempTestSuite1681503010867.groovy:36)
)

2023-04-14 15:13:28 - [MESSAGE][FAILED] - Unable to verify text 'fue creado' is present  using regular expression (Root cause: com.kms.katalon.core.exception.StepFailedException: Unable to verify text 'fue creado' is present  using regular expression
	at com.kms.katalon.core.webui.keyword.internal.WebUIKeywordMain.stepFailed(WebUIKeywordMain.groovy:64)
	at com.kms.katalon.core.webui.keyword.internal.WebUIKeywordMain.runKeyword(WebUIKeywordMain.groovy:26)
	at com.kms.katalon.core.webui.keyword.builtin.VerifyTextPresentKeyword.verifyTextPresent(VerifyTextPresentKeyword.groovy:83)
	at com.kms.katalon.core.webui.keyword.builtin.VerifyTextPresentKeyword.execute(VerifyTextPresentKeyword.groovy:68)
	at com.kms.katalon.core.keyword.internal.KeywordExecutor.executeKeywordForPlatform(KeywordExecutor.groovy:74)
	at com.kms.katalon.core.webui.keyword.WebUiBuiltInKeywords.verifyTextPresent(WebUiBuiltInKeywords.groovy:1723)
	at com.kms.katalon.core.webui.keyword.WebUiBuiltInKeywords$verifyTextPresent$7.call(Unknown Source)
	at Crear Candidato.run(Crear Candidato:192)
	at com.kms.katalon.core.main.ScriptEngine.run(ScriptEngine.java:194)
	at com.kms.katalon.core.main.ScriptEngine.runScriptAsRawText(ScriptEngine.java:119)
	at com.kms.katalon.core.main.TestCaseExecutor.runScript(TestCaseExecutor.java:448)
	at com.kms.katalon.core.main.TestCaseExecutor.doExecute(TestCaseExecutor.java:439)
	at com.kms.katalon.core.main.TestCaseExecutor.processExecutionPhase(TestCaseExecutor.java:418)
	at com.kms.katalon.core.main.TestCaseExecutor.accessMainPhase(TestCaseExecutor.java:410)
	at com.kms.katalon.core.main.TestCaseExecutor.execute(TestCaseExecutor.java:285)
	at com.kms.katalon.core.common.CommonExecutor.accessTestCaseMainPhase(CommonExecutor.java:65)
	at com.kms.katalon.core.main.TestSuiteExecutor.accessTestSuiteMainPhase(TestSuiteExecutor.java:148)
	at com.kms.katalon.core.main.TestSuiteExecutor.execute(TestSuiteExecutor.java:106)
	at com.kms.katalon.core.main.TestCaseMain.startTestSuite(TestCaseMain.java:187)
	at com.kms.katalon.core.main.TestCaseMain$startTestSuite$0.call(Unknown Source)
	at TempTestSuite1681503010867.run(TempTestSuite1681503010867.groovy:36)
Caused by: com.kms.katalon.core.exception.StepFailedException: Text 'fue creado' is not present on page  using regular expression
	at com.kms.katalon.core.webui.keyword.internal.WebUIKeywordMain.stepFailed(WebUIKeywordMain.groovy:64)
	at com.kms.katalon.core.webui.keyword.builtin.VerifyTextPresentKeyword$_verifyTextPresent_closure1.doCall(VerifyTextPresentKeyword.groovy:79)
	at com.kms.katalon.core.webui.keyword.builtin.VerifyTextPresentKeyword$_verifyTextPresent_closure1.call(VerifyTextPresentKeyword.groovy)
	at com.kms.katalon.core.webui.keyword.internal.WebUIKeywordMain.runKeyword(WebUIKeywordMain.groovy:20)
	... 19 more
)
[[ATTACHMENT|C:\\Users\\AGERENA\\git\\PortalSena\\Reports\\20230414_151009\\Test Suite Prueba Sena\\20230414_151010\\1681503207942.png]]]]></system-out>
         <system-err><![CDATA[2023-04-14 15:10:39 - [TEST_CASE][FAILED] - Test Cases/Crear Candidato: Test Cases/Crear Candidato FAILED.
Reason:
com.kms.katalon.core.exception.StepFailedException: Unable to verify text 'fue creado' is present  using regular expression
	at com.kms.katalon.core.webui.keyword.internal.WebUIKeywordMain.stepFailed(WebUIKeywordMain.groovy:64)
	at com.kms.katalon.core.webui.keyword.internal.WebUIKeywordMain.runKeyword(WebUIKeywordMain.groovy:26)
	at com.kms.katalon.core.webui.keyword.builtin.VerifyTextPresentKeyword.verifyTextPresent(VerifyTextPresentKeyword.groovy:83)
	at com.kms.katalon.core.webui.keyword.builtin.VerifyTextPresentKeyword.execute(VerifyTextPresentKeyword.groovy:68)
	at com.kms.katalon.core.keyword.internal.KeywordExecutor.executeKeywordForPlatform(KeywordExecutor.groovy:74)
	at com.kms.katalon.core.webui.keyword.WebUiBuiltInKeywords.verifyTextPresent(WebUiBuiltInKeywords.groovy:1723)
	at com.kms.katalon.core.webui.keyword.WebUiBuiltInKeywords$verifyTextPresent$7.call(Unknown Source)
	at Crear Candidato.run(Crear Candidato:192)
	at com.kms.katalon.core.main.ScriptEngine.run(ScriptEngine.java:194)
	at com.kms.katalon.core.main.ScriptEngine.runScriptAsRawText(ScriptEngine.java:119)
	at com.kms.katalon.core.main.TestCaseExecutor.runScript(TestCaseExecutor.java:448)
	at com.kms.katalon.core.main.TestCaseExecutor.doExecute(TestCaseExecutor.java:439)
	at com.kms.katalon.core.main.TestCaseExecutor.processExecutionPhase(TestCaseExecutor.java:418)
	at com.kms.katalon.core.main.TestCaseExecutor.accessMainPhase(TestCaseExecutor.java:410)
	at com.kms.katalon.core.main.TestCaseExecutor.execute(TestCaseExecutor.java:285)
	at com.kms.katalon.core.common.CommonExecutor.accessTestCaseMainPhase(CommonExecutor.java:65)
	at com.kms.katalon.core.main.TestSuiteExecutor.accessTestSuiteMainPhase(TestSuiteExecutor.java:148)
	at com.kms.katalon.core.main.TestSuiteExecutor.execute(TestSuiteExecutor.java:106)
	at com.kms.katalon.core.main.TestCaseMain.startTestSuite(TestCaseMain.java:187)
	at com.kms.katalon.core.main.TestCaseMain$startTestSuite$0.call(Unknown Source)
	at TempTestSuite1681503010867.run(TempTestSuite1681503010867.groovy:36)
Caused by: com.kms.katalon.core.exception.StepFailedException: Text 'fue creado' is not present on page  using regular expression
	at com.kms.katalon.core.webui.keyword.internal.WebUIKeywordMain.stepFailed(WebUIKeywordMain.groovy:64)
	at com.kms.katalon.core.webui.keyword.builtin.VerifyTextPresentKeyword$_verifyTextPresent_closure1.doCall(VerifyTextPresentKeyword.groovy:79)
	at com.kms.katalon.core.webui.keyword.builtin.VerifyTextPresentKeyword$_verifyTextPresent_closure1.call(VerifyTextPresentKeyword.groovy)
	at com.kms.katalon.core.webui.keyword.internal.WebUIKeywordMain.runKeyword(WebUIKeywordMain.groovy:20)
	... 19 more]]></system-err>
      </testcase>
      <testcase name="Test Cases/Crear Organizacion" time="143.767" classname="Test Cases/Crear Organizacion" status="PASSED">
         <system-out><![CDATA[2023-04-14 15:13:28 - [TEST_CASE][PASSED] - Test Cases/Crear Organizacion: Test Cases/Crear Organizacion

2023-04-14 15:13:28 - [TEST_STEP][PASSED] - openBrowser(""): Browser is opened with url: ''

2023-04-14 15:13:28 - [MESSAGE][WARNING] - A browser is already opened. Closing browser and opening a new one

2023-04-14 15:13:29 - [MESSAGE][INFO] - Starting 'Chrome' driver

2023-04-14 15:13:29 - [MESSAGE][INFO] - Action delay is set to 1.000 milliseconds

2023-04-14 15:13:30 - [MESSAGE][PASSED] - Browser is opened with url: ''

2023-04-14 15:13:30 - [TEST_STEP][PASSED] - navigateToUrl("http://172.29.35.252:8080/PortalSena16/servlet/com.portalsena.scigamlogin"): Navigate to 'http://172.29.35.252:8080/PortalSena16/servlet/com.portalsena.scigamlogin' successfully

2023-04-14 15:13:35 - [MESSAGE][PASSED] - Navigate to 'http://172.29.35.252:8080/PortalSena16/servlet/com.portalsena.scigamlogin' successfully

2023-04-14 15:13:35 - [TEST_STEP][PASSED] - selectOptionByValue(findTestObject("Object Repository/Crear Organizacion/Page_Inicio de Sesin/select_SENA  InternoUsuario Externo"), "local", true): All options with value 'local' are selected in object 'Object Repository/Crear Organizacion/Page_Inicio de Sesin/select_SENA  InternoUsuario Externo'  using regular expression

2023-04-14 15:13:37 - [MESSAGE][PASSED] - All options with value 'local' are selected in object 'Object Repository/Crear Organizacion/Page_Inicio de Sesin/select_SENA  InternoUsuario Externo'  using regular expression

2023-04-14 15:13:37 - [TEST_STEP][PASSED] - setText(findTestObject("Object Repository/Crear Organizacion/Page_Inicio de Sesin/input_Iniciar con_vUSERNAME"), "scitech_1"): Text 'scitech_1' is set on object 'Object Repository/Crear Organizacion/Page_Inicio de Sesin/input_Iniciar con_vUSERNAME'

2023-04-14 15:13:40 - [MESSAGE][PASSED] - Text 'scitech_1' is set on object 'Object Repository/Crear Organizacion/Page_Inicio de Sesin/input_Iniciar con_vUSERNAME'

2023-04-14 15:13:40 - [TEST_STEP][PASSED] - setEncryptedText(findTestObject("Object Repository/Crear Organizacion/Page_Inicio de Sesin/input_Iniciar con_USERPASSWORDContainer_Use_26b53f"), "Ov80Ze0TAxrrh43olNsrTA=="): Text ****** has been set on object 'Object Repository/Crear Organizacion/Page_Inicio de Sesin/input_Iniciar con_USERPASSWORDContainer_Use_26b53f'

2023-04-14 15:13:42 - [MESSAGE][PASSED] - Text ****** has been set on object 'Object Repository/Crear Organizacion/Page_Inicio de Sesin/input_Iniciar con_USERPASSWORDContainer_Use_26b53f'

2023-04-14 15:13:42 - [TEST_STEP][PASSED] - click(findTestObject("Object Repository/Crear Organizacion/Page_Inicio de Sesin/input_Por favor ingrese en siguiente texto_LOGIN")): Object: 'Object Repository/Crear Organizacion/Page_Inicio de Sesin/input_Por favor ingrese en siguiente texto_LOGIN' is clicked on

2023-04-14 15:13:44 - [MESSAGE][PASSED] - Object: 'Object Repository/Crear Organizacion/Page_Inicio de Sesin/input_Por favor ingrese en siguiente texto_LOGIN' is clicked on

2023-04-14 15:13:44 - [TEST_STEP][PASSED] - click(findTestObject("Object Repository/Crear Organizacion/Page_Security Backend Home/a_Administracin")): Object: 'Object Repository/Crear Organizacion/Page_Security Backend Home/a_Administracin' is clicked on

2023-04-14 15:13:47 - [MESSAGE][PASSED] - Object: 'Object Repository/Crear Organizacion/Page_Security Backend Home/a_Administracin' is clicked on

2023-04-14 15:13:47 - [TEST_STEP][PASSED] - click(findTestObject("Object Repository/Crear Organizacion/Page_Security Backend Home/a_Proceso")): Object: 'Object Repository/Crear Organizacion/Page_Security Backend Home/a_Proceso' is clicked on

2023-04-14 15:13:49 - [MESSAGE][PASSED] - Object: 'Object Repository/Crear Organizacion/Page_Security Backend Home/a_Proceso' is clicked on

2023-04-14 15:13:49 - [TEST_STEP][PASSED] - click(findTestObject("Object Repository/Crear Organizacion/Page_Security Backend Home/span_Organizaciones")): Object: 'Object Repository/Crear Organizacion/Page_Security Backend Home/span_Organizaciones' is clicked on

2023-04-14 15:13:50 - [MESSAGE][PASSED] - Object: 'Object Repository/Crear Organizacion/Page_Security Backend Home/span_Organizaciones' is clicked on

2023-04-14 15:13:50 - [TEST_STEP][PASSED] - takeScreenshot(): Taking screenshot successfully

2023-04-14 15:13:53 - [MESSAGE][PASSED] - Taking screenshot successfully
[[ATTACHMENT|C:\\Users\\AGERENA\\git\\PortalSena\\Reports\\20230414_151009\\Test Suite Prueba Sena\\20230414_151010\\1681503233157.png]]

2023-04-14 15:13:53 - [TEST_STEP][PASSED] - click(findTestObject("Object Repository/Crear Organizacion/Page_Organizaciones/input_Indicador de Marca_INSERT")): Object: 'Object Repository/Crear Organizacion/Page_Organizaciones/input_Indicador de Marca_INSERT' is clicked on

2023-04-14 15:13:54 - [MESSAGE][PASSED] - Object: 'Object Repository/Crear Organizacion/Page_Organizaciones/input_Indicador de Marca_INSERT' is clicked on

2023-04-14 15:13:54 - [TEST_STEP][PASSED] - setText(findTestObject("Object Repository/Crear Organizacion/Page_Organizaciones/input_Nro. Identificacin_W0031W0007W0012EMPNUMID"), "1097332867"): Text '1097332867' is set on object 'Object Repository/Crear Organizacion/Page_Organizaciones/input_Nro. Identificacin_W0031W0007W0012EMPNUMID'

2023-04-14 15:14:00 - [MESSAGE][PASSED] - Text '1097332867' is set on object 'Object Repository/Crear Organizacion/Page_Organizaciones/input_Nro. Identificacin_W0031W0007W0012EMPNUMID'

2023-04-14 15:14:00 - [TEST_STEP][PASSED] - setText(findTestObject("Object Repository/Crear Organizacion/Page_Organizaciones/input_Dgito Verificacin_W0031W0007W0012EMPDIGVER"), "7"): Text '7' is set on object 'Object Repository/Crear Organizacion/Page_Organizaciones/input_Dgito Verificacin_W0031W0007W0012EMPDIGVER'

2023-04-14 15:14:08 - [MESSAGE][PASSED] - Text '7' is set on object 'Object Repository/Crear Organizacion/Page_Organizaciones/input_Dgito Verificacin_W0031W0007W0012EMPDIGVER'

2023-04-14 15:14:08 - [TEST_STEP][PASSED] - setText(findTestObject("Object Repository/Crear Organizacion/Page_Organizaciones/textarea_Razon Social_W0031W0007W0012EMPRAZSOC"), "Pruebas Katalon"): Text 'Pruebas Katalon' is set on object 'Object Repository/Crear Organizacion/Page_Organizaciones/textarea_Razon Social_W0031W0007W0012EMPRAZSOC'

2023-04-14 15:14:14 - [MESSAGE][PASSED] - Text 'Pruebas Katalon' is set on object 'Object Repository/Crear Organizacion/Page_Organizaciones/textarea_Razon Social_W0031W0007W0012EMPRAZSOC'

2023-04-14 15:14:14 - [TEST_STEP][PASSED] - selectOptionByValue(findTestObject("Object Repository/Crear Organizacion/Page_Organizaciones/select_Seleccione.Grande (200)Pequea (11-50_a45360"), "1", true): All options with value '1' are selected in object 'Object Repository/Crear Organizacion/Page_Organizaciones/select_Seleccione.Grande (200)Pequea (11-50_a45360'  using regular expression

2023-04-14 15:14:22 - [MESSAGE][PASSED] - All options with value '1' are selected in object 'Object Repository/Crear Organizacion/Page_Organizaciones/select_Seleccione.Grande (200)Pequea (11-50_a45360'  using regular expression

2023-04-14 15:14:22 - [TEST_STEP][PASSED] - setText(findTestObject("Object Repository/Crear Organizacion/Page_Organizaciones/input_N Empleados_W0031W0007W0012EMPNUMEMP"), "200"): Text '200' is set on object 'Object Repository/Crear Organizacion/Page_Organizaciones/input_N Empleados_W0031W0007W0012EMPNUMEMP'

2023-04-14 15:14:28 - [MESSAGE][PASSED] - Text '200' is set on object 'Object Repository/Crear Organizacion/Page_Organizaciones/input_N Empleados_W0031W0007W0012EMPNUMEMP'

2023-04-14 15:14:28 - [TEST_STEP][PASSED] - selectOptionByValue(findTestObject("Object Repository/Crear Organizacion/Page_Organizaciones/select_Seleccione.AMAZONASANTIOQUIAARAUCAAT_32378a"), "4", true): All options with value '4' are selected in object 'Object Repository/Crear Organizacion/Page_Organizaciones/select_Seleccione.AMAZONASANTIOQUIAARAUCAAT_32378a'  using regular expression

2023-04-14 15:14:36 - [MESSAGE][PASSED] - All options with value '4' are selected in object 'Object Repository/Crear Organizacion/Page_Organizaciones/select_Seleccione.AMAZONASANTIOQUIAARAUCAAT_32378a'  using regular expression

2023-04-14 15:14:36 - [TEST_STEP][PASSED] - selectOptionByValue(findTestObject("Object Repository/Crear Organizacion/Page_Organizaciones/select_Seleccione.BOGOT D.C"), "150", true): All options with value '150' are selected in object 'Object Repository/Crear Organizacion/Page_Organizaciones/select_Seleccione.BOGOT D.C'  using regular expression

2023-04-14 15:14:43 - [MESSAGE][PASSED] - All options with value '150' are selected in object 'Object Repository/Crear Organizacion/Page_Organizaciones/select_Seleccione.BOGOT D.C'  using regular expression

2023-04-14 15:14:43 - [TEST_STEP][PASSED] - setText(findTestObject("Object Repository/Crear Organizacion/Page_Organizaciones/input_Direccin_W0031W0007W0012EMPDIR"), "AV 1 # 2 - 3"): Text 'AV 1 # 2 - 3' is set on object 'Object Repository/Crear Organizacion/Page_Organizaciones/input_Direccin_W0031W0007W0012EMPDIR'

2023-04-14 15:14:50 - [MESSAGE][PASSED] - Text 'AV 1 # 2 - 3' is set on object 'Object Repository/Crear Organizacion/Page_Organizaciones/input_Direccin_W0031W0007W0012EMPDIR'

2023-04-14 15:14:50 - [TEST_STEP][PASSED] - setText(findTestObject("Object Repository/Crear Organizacion/Page_Organizaciones/input_Sigla_W0031W0007W0012EMPSIG"), "KATALON"): Text 'KATALON' is set on object 'Object Repository/Crear Organizacion/Page_Organizaciones/input_Sigla_W0031W0007W0012EMPSIG'

2023-04-14 15:14:56 - [MESSAGE][PASSED] - Text 'KATALON' is set on object 'Object Repository/Crear Organizacion/Page_Organizaciones/input_Sigla_W0031W0007W0012EMPSIG'

2023-04-14 15:14:56 - [TEST_STEP][PASSED] - setText(findTestObject("Object Repository/Crear Organizacion/Page_Organizaciones/input_Telfono_W0031W0007W0012EMPTEL"), "3211212"): Text '3211212' is set on object 'Object Repository/Crear Organizacion/Page_Organizaciones/input_Telfono_W0031W0007W0012EMPTEL'

2023-04-14 15:15:02 - [MESSAGE][PASSED] - Text '3211212' is set on object 'Object Repository/Crear Organizacion/Page_Organizaciones/input_Telfono_W0031W0007W0012EMPTEL'

2023-04-14 15:15:02 - [TEST_STEP][PASSED] - setText(findTestObject("Object Repository/Crear Organizacion/Page_Organizaciones/input_Celular_W0031W0007W0012EMPCEL"), "3211231111"): Text '3211231111' is set on object 'Object Repository/Crear Organizacion/Page_Organizaciones/input_Celular_W0031W0007W0012EMPCEL'

2023-04-14 15:15:08 - [MESSAGE][PASSED] - Text '3211231111' is set on object 'Object Repository/Crear Organizacion/Page_Organizaciones/input_Celular_W0031W0007W0012EMPCEL'

2023-04-14 15:15:08 - [TEST_STEP][PASSED] - setText(findTestObject("Object Repository/Crear Organizacion/Page_Organizaciones/input_Fax_W0031W0007W0012EMPFAX"), "3211212"): Text '3211212' is set on object 'Object Repository/Crear Organizacion/Page_Organizaciones/input_Fax_W0031W0007W0012EMPFAX'

2023-04-14 15:15:14 - [MESSAGE][PASSED] - Text '3211212' is set on object 'Object Repository/Crear Organizacion/Page_Organizaciones/input_Fax_W0031W0007W0012EMPFAX'

2023-04-14 15:15:14 - [TEST_STEP][PASSED] - setText(findTestObject("Object Repository/Crear Organizacion/Page_Organizaciones/input_Correo_W0031W0007W0012EMPCOR"), "asgerenac@gmail.com"): Text 'asgerenac@gmail.com' is set on object 'Object Repository/Crear Organizacion/Page_Organizaciones/input_Correo_W0031W0007W0012EMPCOR'

2023-04-14 15:15:20 - [MESSAGE][PASSED] - Text 'asgerenac@gmail.com' is set on object 'Object Repository/Crear Organizacion/Page_Organizaciones/input_Correo_W0031W0007W0012EMPCOR'

2023-04-14 15:15:20 - [TEST_STEP][PASSED] - takeScreenshot(): Taking screenshot successfully

2023-04-14 15:15:22 - [MESSAGE][PASSED] - Taking screenshot successfully
[[ATTACHMENT|C:\\Users\\AGERENA\\git\\PortalSena\\Reports\\20230414_151009\\Test Suite Prueba Sena\\20230414_151010\\1681503322385.png]]

2023-04-14 15:15:22 - [TEST_STEP][PASSED] - click(findTestObject("Object Repository/Crear Organizacion/Page_Organizaciones/div_OrganizacionesNombre EmpresaOrganizacio_d30114")): Object: 'Object Repository/Crear Organizacion/Page_Organizaciones/div_OrganizacionesNombre EmpresaOrganizacio_d30114' is clicked on

2023-04-14 15:15:24 - [MESSAGE][PASSED] - Object: 'Object Repository/Crear Organizacion/Page_Organizaciones/div_OrganizacionesNombre EmpresaOrganizacio_d30114' is clicked on

2023-04-14 15:15:24 - [TEST_STEP][PASSED] - setText(findTestObject("Object Repository/Crear Organizacion/Page_Organizaciones/input_Representante legal_W0031W0007W0012EMPGER"), "JUAN JOSE PELAEZ"): Text 'JUAN JOSE PELAEZ' is set on object 'Object Repository/Crear Organizacion/Page_Organizaciones/input_Representante legal_W0031W0007W0012EMPGER'

2023-04-14 15:15:27 - [MESSAGE][PASSED] - Text 'JUAN JOSE PELAEZ' is set on object 'Object Repository/Crear Organizacion/Page_Organizaciones/input_Representante legal_W0031W0007W0012EMPGER'

2023-04-14 15:15:27 - [TEST_STEP][PASSED] - click(findTestObject("Object Repository/Crear Organizacion/Page_Organizaciones/img_Seleccione_W0031W0007W0012SELACTIVIDAD")): Object: 'Object Repository/Crear Organizacion/Page_Organizaciones/img_Seleccione_W0031W0007W0012SELACTIVIDAD' is clicked on

2023-04-14 15:15:28 - [MESSAGE][PASSED] - Object: 'Object Repository/Crear Organizacion/Page_Organizaciones/img_Seleccione_W0031W0007W0012SELACTIVIDAD' is clicked on

2023-04-14 15:15:28 - [TEST_STEP][PASSED] - click(findTestObject("Object Repository/Crear Organizacion/Page_Organizaciones/a_ACTIVIDADES DE APOYO DIAGNOSTICO")): Object: 'Object Repository/Crear Organizacion/Page_Organizaciones/a_ACTIVIDADES DE APOYO DIAGNOSTICO' is clicked on

2023-04-14 15:15:30 - [MESSAGE][PASSED] - Object: 'Object Repository/Crear Organizacion/Page_Organizaciones/a_ACTIVIDADES DE APOYO DIAGNOSTICO' is clicked on

2023-04-14 15:15:30 - [TEST_STEP][PASSED] - selectOptionByValue(findTestObject("Object Repository/Crear Organizacion/Page_Organizaciones/select_Seleccione.SECTOR ACADMICOSECTOR GUB_12026a"), "3", true): All options with value '3' are selected in object 'Object Repository/Crear Organizacion/Page_Organizaciones/select_Seleccione.SECTOR ACADMICOSECTOR GUB_12026a'  using regular expression

2023-04-14 15:15:33 - [MESSAGE][PASSED] - All options with value '3' are selected in object 'Object Repository/Crear Organizacion/Page_Organizaciones/select_Seleccione.SECTOR ACADMICOSECTOR GUB_12026a'  using regular expression

2023-04-14 15:15:33 - [TEST_STEP][PASSED] - selectOptionByValue(findTestObject("Object Repository/Crear Organizacion/Page_Organizaciones/select_Seleccione.CENTRO DE INVESTIGACIN Y _015f4d"), "1", true): All options with value '1' are selected in object 'Object Repository/Crear Organizacion/Page_Organizaciones/select_Seleccione.CENTRO DE INVESTIGACIN Y _015f4d'  using regular expression

2023-04-14 15:15:35 - [MESSAGE][PASSED] - All options with value '1' are selected in object 'Object Repository/Crear Organizacion/Page_Organizaciones/select_Seleccione.CENTRO DE INVESTIGACIN Y _015f4d'  using regular expression

2023-04-14 15:15:35 - [TEST_STEP][PASSED] - setText(findTestObject("Object Repository/Crear Organizacion/Page_Organizaciones/input_Pgina web_W0031W0007W0012EMPPAGWEB"), "WWW.ALGECAS.COM"): Text 'WWW.ALGECAS.COM' is set on object 'Object Repository/Crear Organizacion/Page_Organizaciones/input_Pgina web_W0031W0007W0012EMPPAGWEB'

2023-04-14 15:15:38 - [MESSAGE][PASSED] - Text 'WWW.ALGECAS.COM' is set on object 'Object Repository/Crear Organizacion/Page_Organizaciones/input_Pgina web_W0031W0007W0012EMPPAGWEB'

2023-04-14 15:15:38 - [TEST_STEP][PASSED] - selectOptionByValue(findTestObject("Object Repository/Crear Organizacion/Page_Organizaciones/select_Seleccione.SiNo"), "1", true): All options with value '1' are selected in object 'Object Repository/Crear Organizacion/Page_Organizaciones/select_Seleccione.SiNo'  using regular expression

2023-04-14 15:15:41 - [MESSAGE][PASSED] - All options with value '1' are selected in object 'Object Repository/Crear Organizacion/Page_Organizaciones/select_Seleccione.SiNo'  using regular expression

2023-04-14 15:15:41 - [TEST_STEP][PASSED] - setText(findTestObject("Object Repository/Crear Organizacion/Page_Organizaciones/input_N Empleados_W0031W0007W0012EMPNUMEMP"), "201"): Text '201' is set on object 'Object Repository/Crear Organizacion/Page_Organizaciones/input_N Empleados_W0031W0007W0012EMPNUMEMP'

2023-04-14 15:15:44 - [MESSAGE][PASSED] - Text '201' is set on object 'Object Repository/Crear Organizacion/Page_Organizaciones/input_N Empleados_W0031W0007W0012EMPNUMEMP'

2023-04-14 15:15:44 - [TEST_STEP][PASSED] - click(findTestObject("Object Repository/Crear Organizacion/Page_Organizaciones/div_Tamao.Seleccione.Grande (200)Pequea (11_5cc073")): Object: 'Object Repository/Crear Organizacion/Page_Organizaciones/div_Tamao.Seleccione.Grande (200)Pequea (11_5cc073' is clicked on

2023-04-14 15:15:45 - [MESSAGE][PASSED] - Object: 'Object Repository/Crear Organizacion/Page_Organizaciones/div_Tamao.Seleccione.Grande (200)Pequea (11_5cc073' is clicked on

2023-04-14 15:15:45 - [TEST_STEP][PASSED] - click(findTestObject("Object Repository/Crear Organizacion/Page_Organizaciones/input_-       000000_W0031W0007W0012ENTER")): Object: 'Object Repository/Crear Organizacion/Page_Organizaciones/input_-       000000_W0031W0007W0012ENTER' is clicked on

2023-04-14 15:15:46 - [MESSAGE][PASSED] - Object: 'Object Repository/Crear Organizacion/Page_Organizaciones/input_-       000000_W0031W0007W0012ENTER' is clicked on

2023-04-14 15:15:46 - [TEST_STEP][PASSED] - takeScreenshot(): Taking screenshot successfully

2023-04-14 15:15:49 - [MESSAGE][PASSED] - Taking screenshot successfully
[[ATTACHMENT|C:\\Users\\AGERENA\\git\\PortalSena\\Reports\\20230414_151009\\Test Suite Prueba Sena\\20230414_151010\\1681503349510.png]]

2023-04-14 15:15:49 - [TEST_STEP][PASSED] - click(findTestObject("Object Repository/Crear Organizacion/Page_Organizaciones/div_La empresas PRUEBAS KATALON fue creada")): Object: 'Object Repository/Crear Organizacion/Page_Organizaciones/div_La empresas PRUEBAS KATALON fue creada' is clicked on

2023-04-14 15:15:51 - [MESSAGE][PASSED] - Object: 'Object Repository/Crear Organizacion/Page_Organizaciones/div_La empresas PRUEBAS KATALON fue creada' is clicked on

2023-04-14 15:15:51 - [TEST_STEP][PASSED] - closeBrowser(): Browser is closed

2023-04-14 15:15:51 - [MESSAGE][PASSED] - Browser is closed]]></system-out>
         <system-err><![CDATA[]]></system-err>
      </testcase>
      <system-out><![CDATA[2023-04-14 15:10:20 - [TEST_SUITE][FAILED] - Test Suite Prueba Sena: Test Cases/Crear Candidato FAILED.
Reason:
com.kms.katalon.core.exception.StepFailedException: Unable to verify text 'fue creado' is present  using regular expression
	at com.kms.katalon.core.webui.keyword.internal.WebUIKeywordMain.stepFailed(WebUIKeywordMain.groovy:64)
	at com.kms.katalon.core.webui.keyword.internal.WebUIKeywordMain.runKeyword(WebUIKeywordMain.groovy:26)
	at com.kms.katalon.core.webui.keyword.builtin.VerifyTextPresentKeyword.verifyTextPresent(VerifyTextPresentKeyword.groovy:83)
	at com.kms.katalon.core.webui.keyword.builtin.VerifyTextPresentKeyword.execute(VerifyTextPresentKeyword.groovy:68)
	at com.kms.katalon.core.keyword.internal.KeywordExecutor.executeKeywordForPlatform(KeywordExecutor.groovy:74)
	at com.kms.katalon.core.webui.keyword.WebUiBuiltInKeywords.verifyTextPresent(WebUiBuiltInKeywords.groovy:1723)
	at com.kms.katalon.core.webui.keyword.WebUiBuiltInKeywords$verifyTextPresent$7.call(Unknown Source)
	at Crear Candidato.run(Crear Candidato:192)
	at com.kms.katalon.core.main.ScriptEngine.run(ScriptEngine.java:194)
	at com.kms.katalon.core.main.ScriptEngine.runScriptAsRawText(ScriptEngine.java:119)
	at com.kms.katalon.core.main.TestCaseExecutor.runScript(TestCaseExecutor.java:448)
	at com.kms.katalon.core.main.TestCaseExecutor.doExecute(TestCaseExecutor.java:439)
	at com.kms.katalon.core.main.TestCaseExecutor.processExecutionPhase(TestCaseExecutor.java:418)
	at com.kms.katalon.core.main.TestCaseExecutor.accessMainPhase(TestCaseExecutor.java:410)
	at com.kms.katalon.core.main.TestCaseExecutor.execute(TestCaseExecutor.java:285)
	at com.kms.katalon.core.common.CommonExecutor.accessTestCaseMainPhase(CommonExecutor.java:65)
	at com.kms.katalon.core.main.TestSuiteExecutor.accessTestSuiteMainPhase(TestSuiteExecutor.java:148)
	at com.kms.katalon.core.main.TestSuiteExecutor.execute(TestSuiteExecutor.java:106)
	at com.kms.katalon.core.main.TestCaseMain.startTestSuite(TestCaseMain.java:187)
	at com.kms.katalon.core.main.TestCaseMain$startTestSuite$0.call(Unknown Source)
	at TempTestSuite1681503010867.run(TempTestSuite1681503010867.groovy:36)
Caused by: com.kms.katalon.core.exception.StepFailedException: Text 'fue creado' is not present on page  using regular expression
	at com.kms.katalon.core.webui.keyword.internal.WebUIKeywordMain.stepFailed(WebUIKeywordMain.groovy:64)
	at com.kms.katalon.core.webui.keyword.builtin.VerifyTextPresentKeyword$_verifyTextPresent_closure1.doCall(VerifyTextPresentKeyword.groovy:79)
	at com.kms.katalon.core.webui.keyword.builtin.VerifyTextPresentKeyword$_verifyTextPresent_closure1.call(VerifyTextPresentKeyword.groovy)
	at com.kms.katalon.core.webui.keyword.internal.WebUIKeywordMain.runKeyword(WebUIKeywordMain.groovy:20)
	... 19 more]]></system-out>
      <system-err><![CDATA[2023-04-14 15:10:20 - [TEST_SUITE][FAILED] - Test Suite Prueba Sena: Test Cases/Crear Candidato FAILED.
Reason:
com.kms.katalon.core.exception.StepFailedException: Unable to verify text 'fue creado' is present  using regular expression
	at com.kms.katalon.core.webui.keyword.internal.WebUIKeywordMain.stepFailed(WebUIKeywordMain.groovy:64)
	at com.kms.katalon.core.webui.keyword.internal.WebUIKeywordMain.runKeyword(WebUIKeywordMain.groovy:26)
	at com.kms.katalon.core.webui.keyword.builtin.VerifyTextPresentKeyword.verifyTextPresent(VerifyTextPresentKeyword.groovy:83)
	at com.kms.katalon.core.webui.keyword.builtin.VerifyTextPresentKeyword.execute(VerifyTextPresentKeyword.groovy:68)
	at com.kms.katalon.core.keyword.internal.KeywordExecutor.executeKeywordForPlatform(KeywordExecutor.groovy:74)
	at com.kms.katalon.core.webui.keyword.WebUiBuiltInKeywords.verifyTextPresent(WebUiBuiltInKeywords.groovy:1723)
	at com.kms.katalon.core.webui.keyword.WebUiBuiltInKeywords$verifyTextPresent$7.call(Unknown Source)
	at Crear Candidato.run(Crear Candidato:192)
	at com.kms.katalon.core.main.ScriptEngine.run(ScriptEngine.java:194)
	at com.kms.katalon.core.main.ScriptEngine.runScriptAsRawText(ScriptEngine.java:119)
	at com.kms.katalon.core.main.TestCaseExecutor.runScript(TestCaseExecutor.java:448)
	at com.kms.katalon.core.main.TestCaseExecutor.doExecute(TestCaseExecutor.java:439)
	at com.kms.katalon.core.main.TestCaseExecutor.processExecutionPhase(TestCaseExecutor.java:418)
	at com.kms.katalon.core.main.TestCaseExecutor.accessMainPhase(TestCaseExecutor.java:410)
	at com.kms.katalon.core.main.TestCaseExecutor.execute(TestCaseExecutor.java:285)
	at com.kms.katalon.core.common.CommonExecutor.accessTestCaseMainPhase(CommonExecutor.java:65)
	at com.kms.katalon.core.main.TestSuiteExecutor.accessTestSuiteMainPhase(TestSuiteExecutor.java:148)
	at com.kms.katalon.core.main.TestSuiteExecutor.execute(TestSuiteExecutor.java:106)
	at com.kms.katalon.core.main.TestCaseMain.startTestSuite(TestCaseMain.java:187)
	at com.kms.katalon.core.main.TestCaseMain$startTestSuite$0.call(Unknown Source)
	at TempTestSuite1681503010867.run(TempTestSuite1681503010867.groovy:36)
Caused by: com.kms.katalon.core.exception.StepFailedException: Text 'fue creado' is not present on page  using regular expression
	at com.kms.katalon.core.webui.keyword.internal.WebUIKeywordMain.stepFailed(WebUIKeywordMain.groovy:64)
	at com.kms.katalon.core.webui.keyword.builtin.VerifyTextPresentKeyword$_verifyTextPresent_closure1.doCall(VerifyTextPresentKeyword.groovy:79)
	at com.kms.katalon.core.webui.keyword.builtin.VerifyTextPresentKeyword$_verifyTextPresent_closure1.call(VerifyTextPresentKeyword.groovy)
	at com.kms.katalon.core.webui.keyword.internal.WebUIKeywordMain.runKeyword(WebUIKeywordMain.groovy:20)
	... 19 more]]></system-err>
   </testsuite>
</testsuites>
